# JRE version: Java(TM) SE Runtime Environment (8.0_201-b09) (build 1.8.0_201-b09)
# Java VM: Java HotSpot(TM) 64-Bit Server VM (25.201-b09 mixed mode linux-amd64 compressed oops)
Heap:
 PSYoungGen      total 131584K, used 39545K [0x00000000d6d80000, 0x00000000e2d00000, 0x0000000100000000)
  eden space 119296K, 33% used [0x00000000d6d80000,0x00000000d941e478,0x00000000de200000)
  from space 12288K, 0% used [0x00000000dee80000,0x00000000dee80000,0x00000000dfa80000)
  to   space 12800K, 0% used [0x00000000de200000,0x00000000de200000,0x00000000dee80000)
 ParOldGen       total 102400K, used 15491K [0x0000000084800000, 0x000000008ac00000, 0x00000000d6d80000)
  object space 102400K, 15% used [0x0000000084800000,0x0000000085720e30,0x000000008ac00000)
 Metaspace       used 38118K, capacity 40156K, committed 40192K, reserved 1083392K
  class space    used 4966K, capacity 5348K, committed 5376K, reserved 1048576K
GC Heap History (10 events):
Event: 1.375 GC heap before
{Heap before GC invocations=5 (full 1):
 PSYoungGen      total 68608K, used 63488K [0x00000000d6d80000, 0x00000000df380000, 0x0000000100000000)
  eden space 63488K, 100% used [0x00000000d6d80000,0x00000000dab80000,0x00000000dab80000)
  from space 5120K, 0% used [0x00000000dab80000,0x00000000dab80000,0x00000000db080000)
  to   space 5120K, 0% used [0x00000000dee80000,0x00000000dee80000,0x00000000df380000)
 ParOldGen       total 65536K, used 9836K [0x0000000084800000, 0x0000000088800000, 0x00000000d6d80000)
  object space 65536K, 15% used [0x0000000084800000,0x000000008519b370,0x0000000088800000)
 Metaspace       used 24787K, capacity 25680K, committed 25728K, reserved 1071104K
  class space    used 3221K, capacity 3443K, committed 3456K, reserved 1048576K
Event: 1.383 GC heap after
Heap after GC invocations=5 (full 1):
 PSYoungGen      total 93184K, used 5117K [0x00000000d6d80000, 0x00000000df380000, 0x0000000100000000)
  eden space 88064K, 0% used [0x00000000d6d80000,0x00000000d6d80000,0x00000000dc380000)
  from space 5120K, 99% used [0x00000000dee80000,0x00000000df37f4c0,0x00000000df380000)
  to   space 5120K, 0% used [0x00000000de980000,0x00000000de980000,0x00000000dee80000)
 ParOldGen       total 65536K, used 11452K [0x0000000084800000, 0x0000000088800000, 0x00000000d6d80000)
  object space 65536K, 17% used [0x0000000084800000,0x000000008532f210,0x0000000088800000)
 Metaspace       used 24787K, capacity 25680K, committed 25728K, reserved 1071104K
  class space    used 3221K, capacity 3443K, committed 3456K, reserved 1048576K
}
Event: 5.989 GC heap before
{Heap before GC invocations=6 (full 1):
 PSYoungGen      total 93184K, used 89446K [0x00000000d6d80000, 0x00000000df380000, 0x0000000100000000)
  eden space 88064K, 95% used [0x00000000d6d80000,0x00000000dbfda698,0x00000000dc380000)
  from space 5120K, 99% used [0x00000000dee80000,0x00000000df37f4c0,0x00000000df380000)
  to   space 5120K, 0% used [0x00000000de980000,0x00000000de980000,0x00000000dee80000)
 ParOldGen       total 65536K, used 11452K [0x0000000084800000, 0x0000000088800000, 0x00000000d6d80000)
  object space 65536K, 17% used [0x0000000084800000,0x000000008532f210,0x0000000088800000)
 Metaspace       used 33540K, capacity 35336K, committed 35416K, reserved 1079296K
  class space    used 4406K, capacity 4787K, committed 4864K, reserved 1048576K
Event: 6.009 GC heap after
Heap after GC invocations=6 (full 1):
 PSYoungGen      total 122880K, used 5095K [0x00000000d6d80000, 0x00000000dfa80000, 0x0000000100000000)
  eden space 117760K, 0% used [0x00000000d6d80000,0x00000000d6d80000,0x00000000de080000)
  from space 5120K, 99% used [0x00000000de980000,0x00000000dee79d20,0x00000000dee80000)
  to   space 12288K, 0% used [0x00000000dee80000,0x00000000dee80000,0x00000000dfa80000)
 ParOldGen       total 65536K, used 19103K [0x0000000084800000, 0x0000000088800000, 0x00000000d6d80000)
  object space 65536K, 29% used [0x0000000084800000,0x0000000085aa7f10,0x0000000088800000)
 Metaspace       used 33540K, capacity 35336K, committed 35416K, reserved 1079296K
  class space    used 4406K, capacity 4787K, committed 4864K, reserved 1048576K
}
Event: 6.009 GC heap before
{Heap before GC invocations=7 (full 2):
 PSYoungGen      total 122880K, used 5095K [0x00000000d6d80000, 0x00000000dfa80000, 0x0000000100000000)
  eden space 117760K, 0% used [0x00000000d6d80000,0x00000000d6d80000,0x00000000de080000)
  from space 5120K, 99% used [0x00000000de980000,0x00000000dee79d20,0x00000000dee80000)
  to   space 12288K, 0% used [0x00000000dee80000,0x00000000dee80000,0x00000000dfa80000)
 ParOldGen       total 65536K, used 19103K [0x0000000084800000, 0x0000000088800000, 0x00000000d6d80000)
  object space 65536K, 29% used [0x0000000084800000,0x0000000085aa7f10,0x0000000088800000)
 Metaspace       used 33540K, capacity 35336K, committed 35416K, reserved 1079296K
  class space    used 4406K, capacity 4787K, committed 4864K, reserved 1048576K
Event: 6.061 GC heap after
Heap after GC invocations=7 (full 2):
 PSYoungGen      total 122880K, used 0K [0x00000000d6d80000, 0x00000000dfa80000, 0x0000000100000000)
  eden space 117760K, 0% used [0x00000000d6d80000,0x00000000d6d80000,0x00000000de080000)
  from space 5120K, 0% used [0x00000000de980000,0x00000000de980000,0x00000000dee80000)
  to   space 12288K, 0% used [0x00000000dee80000,0x00000000dee80000,0x00000000dfa80000)
 ParOldGen       total 102400K, used 15953K [0x0000000084800000, 0x000000008ac00000, 0x00000000d6d80000)
  object space 102400K, 15% used [0x0000000084800000,0x00000000857947a0,0x000000008ac00000)
 Metaspace       used 33540K, capacity 35336K, committed 35416K, reserved 1079296K
  class space    used 4406K, capacity 4787K, committed 4864K, reserved 1048576K
}
Event: 1304.723 GC heap before
{Heap before GC invocations=8 (full 2):
 PSYoungGen      total 122880K, used 117760K [0x00000000d6d80000, 0x00000000dfa80000, 0x0000000100000000)
  eden space 117760K, 100% used [0x00000000d6d80000,0x00000000de080000,0x00000000de080000)
  from space 5120K, 0% used [0x00000000de980000,0x00000000de980000,0x00000000dee80000)
  to   space 12288K, 0% used [0x00000000dee80000,0x00000000dee80000,0x00000000dfa80000)
 ParOldGen       total 102400K, used 15953K [0x0000000084800000, 0x000000008ac00000, 0x00000000d6d80000)
  object space 102400K, 15% used [0x0000000084800000,0x00000000857947a0,0x000000008ac00000)
 Metaspace       used 37834K, capacity 39720K, committed 39936K, reserved 1083392K
  class space    used 4955K, capacity 5332K, committed 5376K, reserved 1048576K
Event: 1304.727 GC heap after
Heap after GC invocations=8 (full 2):
 PSYoungGen      total 131584K, used 6336K [0x00000000d6d80000, 0x00000000e2d00000, 0x0000000100000000)
  eden space 119296K, 0% used [0x00000000d6d80000,0x00000000d6d80000,0x00000000de200000)
  from space 12288K, 51% used [0x00000000dee80000,0x00000000df4b0140,0x00000000dfa80000)
  to   space 12800K, 0% used [0x00000000de200000,0x00000000de200000,0x00000000dee80000)
 ParOldGen       total 102400K, used 15961K [0x0000000084800000, 0x000000008ac00000, 0x00000000d6d80000)
  object space 102400K, 15% used [0x0000000084800000,0x00000000857967a0,0x000000008ac00000)
 Metaspace       used 37834K, capacity 39720K, committed 39936K, reserved 1083392K
  class space    used 4955K, capacity 5332K, committed 5376K, reserved 1048576K
}
Event: 1304.727 GC heap before
{Heap before GC invocations=9 (full 3):
 PSYoungGen      total 131584K, used 6336K [0x00000000d6d80000, 0x00000000e2d00000, 0x0000000100000000)
  eden space 119296K, 0% used [0x00000000d6d80000,0x00000000d6d80000,0x00000000de200000)
  from space 12288K, 51% used [0x00000000dee80000,0x00000000df4b0140,0x00000000dfa80000)
  to   space 12800K, 0% used [0x00000000de200000,0x00000000de200000,0x00000000dee80000)
 ParOldGen       total 102400K, used 15961K [0x0000000084800000, 0x000000008ac00000, 0x00000000d6d80000)
  object space 102400K, 15% used [0x0000000084800000,0x00000000857967a0,0x000000008ac00000)
 Metaspace       used 37834K, capacity 39720K, committed 39936K, reserved 1083392K
  class space    used 4955K, capacity 5332K, committed 5376K, reserved 1048576K
Event: 1304.792 GC heap after
Heap after GC invocations=9 (full 3):
 PSYoungGen      total 131584K, used 0K [0x00000000d6d80000, 0x00000000e2d00000, 0x0000000100000000)
  eden space 119296K, 0% used [0x00000000d6d80000,0x00000000d6d80000,0x00000000de200000)
  from space 12288K, 0% used [0x00000000dee80000,0x00000000dee80000,0x00000000dfa80000)
  to   space 12800K, 0% used [0x00000000de200000,0x00000000de200000,0x00000000dee80000)
 ParOldGen       total 102400K, used 15491K [0x0000000084800000, 0x000000008ac00000, 0x00000000d6d80000)
  object space 102400K, 15% used [0x0000000084800000,0x0000000085720e30,0x000000008ac00000)
 Metaspace       used 37834K, capacity 39720K, committed 39936K, reserved 1083392K
  class space    used 4955K, capacity 5332K, committed 5376K, reserved 1048576K
}

